<?xml version="1.0" encoding="UTF-8"?>
<testsuite xmlns:xsi="http://www.w3.org/2001/XMLSchema-instance" xsi:noNamespaceSchemaLocation="https://maven.apache.org/surefire/maven-surefire-plugin/xsd/surefire-test-report.xsd" version="3.0.2" name="com.example.productos.repository.ProductoRepositoryTest" time="3.054" tests="3" errors="0" skipped="0" failures="0" flakes="0">
  <properties>
[...]
</properties>
  <testcase name="guardarProducto_DebePersistirEnBaseDeDatos" classname="com.example.productos.repository.ProductoRepositoryTest" time="0.348">
    <system-out><![CDATA[20:24:51.753 [main] INFO org.springframework.test.context.support.AnnotationConfigContextLoaderUtils -- Could not detect default configuration classes for test class [com.example.productos.repository.ProductoRepositoryTest]: ProductoRepositoryTest does not declare any static, non-private, non-final, nested classes annotated with @Configuration.
20:24:51.865 [main] INFO org.springframework.boot.test.context.SpringBootTestContextBootstrapper -- Found @SpringBootConfiguration com.example.productos.Application for test class com.example.productos.repository.ProductoRepositoryTest

  .   ____          _            __ _ _
 /\\ / ___'_ __ _ _(_)_ __  __ _ \ \ \ \
( ( )\___ | '_ | '_| | '_ \/ _` | \ \ \ \
 \\/  ___)| |_)| | | | | || (_| |  ) ) ) )
  '  |____| .__|_| |_|_| |_\__, | / / / /
 =========|_|==============|___/=/_/_/_/

 :: Spring Boot ::               (v3.5.16)

2026-08-28T20:24:52.213-06:00  INFO 24928 --- [           main] c.e.p.repository.ProductoRepositoryTest  : Starting ProductoRepositoryTest using Java 25.0.2 with PID 24928 (started by braya in C:\Users\braya\OneDrive\Escritorio\spring-boot-integration-tests)
2026-08-28T20:24:52.214-06:00  INFO 24928 --- [           main] c.e.p.repository.ProductoRepositoryTest  : No active profile set, falling back to 1 default profile: "default"
2026-08-28T20:24:52.517-06:00  INFO 24928 --- [           main] .s.d.r.c.RepositoryConfigurationDelegate : Bootstrapping Spring Data JPA repositories in DEFAULT mode.
2026-08-28T20:24:52.565-06:00  INFO 24928 --- [           main] .s.d.r.c.RepositoryConfigurationDelegate : Finished Spring Data repository scanning in 39 ms. Found 1 JPA repository interface.
2026-08-28T20:24:52.617-06:00  INFO 24928 --- [           main] beddedDataSourceBeanFactoryPostProcessor : Replacing 'dataSource' DataSource bean with embedded version
2026-08-28T20:24:52.706-06:00  INFO 24928 --- [           main] o.s.j.d.e.EmbeddedDatabaseFactory        : Starting embedded database: url='jdbc:h2:mem:71c8b529-a5d9-412f-a5a6-95f72f3f884b;DB_CLOSE_DELAY=-1;DB_CLOSE_ON_EXIT=false', username='sa'
2026-08-28T20:24:52.945-06:00  INFO 24928 --- [           main] o.hibernate.jpa.internal.util.LogHelper  : HHH000204: Processing PersistenceUnitInfo [name: default]
2026-08-28T20:24:52.990-06:00  INFO 24928 --- [           main] org.hibernate.Version                    : HHH000412: Hibernate ORM core version 6.6.53.Final
2026-08-28T20:24:53.018-06:00  INFO 24928 --- [           main] o.h.c.internal.RegionFactoryInitiator    : HHH000026: Second-level cache disabled
2026-08-28T20:24:53.265-06:00  INFO 24928 --- [           main] o.s.o.j.p.SpringPersistenceUnitInfo      : No LoadTimeWeaver setup: ignoring JPA class transformer
2026-08-28T20:24:53.337-06:00  INFO 24928 --- [           main] org.hibernate.orm.connections.pooling    : HHH10001005: Database info:
	Database JDBC URL [Connecting through datasource 'org.springframework.jdbc.datasource.embedded.EmbeddedDatabaseFactory$EmbeddedDataSourceProxy@4c176ff1']
	Database driver: undefined/unknown
	Database version: 2.3.232
	Autocommit mode: undefined/unknown
	Isolation level: undefined/unknown
	Minimum pool size: undefined/unknown
	Maximum pool size: undefined/unknown
2026-08-28T20:24:53.958-06:00  INFO 24928 --- [           main] o.h.e.t.j.p.i.JtaPlatformInitiator       : HHH000489: No JTA platform available (set 'hibernate.transaction.jta.platform' to enable JTA platform integration)
Hibernate: create table producto (id bigint generated by default as identity, nombre varchar(255) not null, precio numeric(12,2) not null, stock integer not null, primary key (id))
Hibernate: alter table if exists producto drop constraint if exists UK9su14n91mtgcg5ehl658v4afx
Hibernate: alter table if exists producto add constraint UK9su14n91mtgcg5ehl658v4afx unique (nombre)
2026-08-28T20:24:54.004-06:00  INFO 24928 --- [           main] j.LocalContainerEntityManagerFactoryBean : Initialized JPA EntityManagerFactory for persistence unit 'default'
2026-08-28T20:24:54.304-06:00  INFO 24928 --- [           main] c.e.p.repository.ProductoRepositoryTest  : Started ProductoRepositoryTest in 2.386 seconds (process running for 3.114)
Hibernate: insert into producto (nombre,precio,stock,id) values (?,?,?,default)
]]></system-out>
    <system-err><![CDATA[Mockito is currently self-attaching to enable the inline-mock-maker. This will no longer work in future releases of the JDK. Please add Mockito as an agent to your build as described in Mockito's documentation: https://javadoc.io/doc/org.mockito/mockito-core/latest/org.mockito/org/mockito/Mockito.html#0.3
WARNING: A Java agent has been loaded dynamically (C:\Users\braya\.m2\repository\net\bytebuddy\byte-buddy-agent\1.17.8\byte-buddy-agent-1.17.8.jar)
WARNING: If a serviceability tool is in use, please run with -XX:+EnableDynamicAgentLoading to hide this warning
WARNING: If a serviceability tool is not in use, please run with -Djdk.instrument.traceUsage for more information
WARNING: Dynamic loading of agents will be disallowed by default in a future release
]]></system-err>
  </testcase>
  <testcase name="eliminarProducto_DebeRemoverDeBaseDeDatos" classname="com.example.productos.repository.ProductoRepositoryTest" time="0.016">
    <system-out><![CDATA[Hibernate: insert into producto (nombre,precio,stock,id) values (?,?,?,default)
]]></system-out>
  </testcase>
  <testcase name="buscarPorId_DebeRetornarProducto" classname="com.example.productos.repository.ProductoRepositoryTest" time="0.006">
    <system-out><![CDATA[Hibernate: insert into producto (nombre,precio,stock,id) values (?,?,?,default)
]]></system-out>
  </testcase>
</testsuite>